2026-02-22T19:39:12.106+07:00  INFO 16939 --- [main] c.s.a.s.SoulAppServiceApplicationKt      : Starting SoulAppServiceApplicationKt using Java 21.0.10 with PID 16939 (/home/matthew/Documents/Code/soul-app-service/target/classes started by matthew in /home/matthew/Documents/Code/soul-app-service)
2026-02-22T19:39:12.110+07:00  INFO 16939 --- [main] c.s.a.s.SoulAppServiceApplicationKt      : No active profile set, falling back to 1 default profile: "default"
2026-02-22T19:39:12.530+07:00  INFO 16939 --- [main] .s.d.r.c.RepositoryConfigurationDelegate : Bootstrapping Spring Data JDBC repositories in DEFAULT mode.
2026-02-22T19:39:12.540+07:00  INFO 16939 --- [main] .s.d.r.c.RepositoryConfigurationDelegate : Finished Spring Data repository scanning in 7 ms. Found 0 JDBC repository interfaces.
2026-02-22T19:39:12.720+07:00  INFO 16939 --- [main] o.s.b.w.embedded.tomcat.TomcatWebServer  : Tomcat initialized with port(s): 11001 (http)
2026-02-22T19:39:12.723+07:00  INFO 16939 --- [main] o.apache.catalina.core.StandardService   : Starting service [Tomcat]
2026-02-22T19:39:12.724+07:00  INFO 16939 --- [main] o.apache.catalina.core.StandardEngine    : Starting Servlet engine: [Apache Tomcat/10.1.24]
2026-02-22T19:39:12.759+07:00  INFO 16939 --- [main] o.a.c.c.C.[Tomcat].[localhost].[/api]    : Initializing Spring embedded WebApplicationContext
2026-02-22T19:39:12.759+07:00  INFO 16939 --- [main] w.s.c.ServletWebServerApplicationContext : Root WebApplicationContext: initialization completed in 625 ms
2026-02-22T19:39:12.908+07:00  WARN 16939 --- [main] .s.s.UserDetailsServiceAutoConfiguration : 

Using generated security password: 9c97ef50-553b-471d-90dc-10ab4b32bc9d

This generated password is for development use only. Your security configuration must be updated before running your application in production.

2026-02-22T19:39:12.994+07:00  INFO 16939 --- [main] o.s.s.web.DefaultSecurityFilterChain     : Will secure any request with [org.springframework.security.web.session.DisableEncodeUrlFilter@661e279d, org.springframework.security.web.context.request.async.WebAsyncManagerIntegrationFilter@beabd6b, org.springframework.security.web.context.SecurityContextHolderFilter@439f2d87, org.springframework.security.web.header.HeaderWriterFilter@41fc0084, org.springframework.web.filter.CorsFilter@38de5daf, org.springframework.security.web.authentication.logout.LogoutFilter@532dacf5, com.soul.app.soul_app_service.filter.GlobalLoggingFilter@e29f4f6, com.soul.app.soul_app_service.filter.JwtTokenAuthenticationFilter@6fa2448b, org.springframework.security.web.savedrequest.RequestCacheAwareFilter@852ef8d, org.springframework.security.web.servletapi.SecurityContextHolderAwareRequestFilter@4cae66a8, org.springframework.security.web.authentication.AnonymousAuthenticationFilter@621624b1, org.springframework.security.web.session.SessionManagementFilter@550c973e, org.springframework.security.web.access.ExceptionTranslationFilter@7d47dfed, org.springframework.security.web.access.intercept.AuthorizationFilter@6fe04f2a]
2026-02-22T19:39:13.083+07:00  INFO 16939 --- [main] com.zaxxer.hikari.HikariDataSource       : HikariPool-1 - Starting...
2026-02-22T19:39:14.752+07:00  INFO 16939 --- [main] com.zaxxer.hikari.pool.HikariPool        : HikariPool-1 - Added connection org.postgresql.jdbc.PgConnection@71b3ba5a
2026-02-22T19:39:14.753+07:00  INFO 16939 --- [main] com.zaxxer.hikari.HikariDataSource       : HikariPool-1 - Start completed.
2026-02-22T19:39:14.821+07:00  INFO 16939 --- [main] o.s.b.w.embedded.tomcat.TomcatWebServer  : Tomcat started on port(s): 11001 (http) with context path '/api'
2026-02-22T19:39:14.825+07:00  INFO 16939 --- [main] c.s.a.s.SoulAppServiceApplicationKt      : Started SoulAppServiceApplicationKt in 2.901 seconds (process running for 3.142)
2026-02-22T21:49:48.504+07:00  INFO 16939 --- [SpringApplicationShutdownHook] com.zaxxer.hikari.HikariDataSource       : HikariPool-1 - Shutdown initiated...
2026-02-22T21:49:48.506+07:00  INFO 16939 --- [SpringApplicationShutdownHook] com.zaxxer.hikari.HikariDataSource       : HikariPool-1 - Shutdown completed.
2026-02-22T21:50:44.428+07:00  INFO 31125 --- [main] c.s.a.s.SoulAppServiceApplicationKt      : Starting SoulAppServiceApplicationKt using Java 21.0.10 with PID 31125 (/home/matthew/Documents/Code/soul-app-service/target/classes started by matthew in /home/matthew/Documents/Code/soul-app-service)
2026-02-22T21:50:44.429+07:00  INFO 31125 --- [main] c.s.a.s.SoulAppServiceApplicationKt      : No active profile set, falling back to 1 default profile: "default"
2026-02-22T21:50:44.765+07:00  INFO 31125 --- [main] .s.d.r.c.RepositoryConfigurationDelegate : Bootstrapping Spring Data JDBC repositories in DEFAULT mode.
2026-02-22T21:50:44.775+07:00  INFO 31125 --- [main] .s.d.r.c.RepositoryConfigurationDelegate : Finished Spring Data repository scanning in 8 ms. Found 0 JDBC repository interfaces.
2026-02-22T21:50:44.942+07:00  INFO 31125 --- [main] o.s.b.w.embedded.tomcat.TomcatWebServer  : Tomcat initialized with port(s): 11001 (http)
2026-02-22T21:50:44.945+07:00  INFO 31125 --- [main] o.apache.catalina.core.StandardService   : Starting service [Tomcat]
2026-02-22T21:50:44.946+07:00  INFO 31125 --- [main] o.apache.catalina.core.StandardEngine    : Starting Servlet engine: [Apache Tomcat/10.1.24]
2026-02-22T21:50:44.973+07:00  INFO 31125 --- [main] o.a.c.c.C.[Tomcat].[localhost].[/api]    : Initializing Spring embedded WebApplicationContext
2026-02-22T21:50:44.973+07:00  INFO 31125 --- [main] w.s.c.ServletWebServerApplicationContext : Root WebApplicationContext: initialization completed in 524 ms
2026-02-22T21:50:45.129+07:00  WARN 31125 --- [main] .s.s.UserDetailsServiceAutoConfiguration : 

Using generated security password: bf1c12e3-c96c-427d-906b-430af6d07cc8

This generated password is for development use only. Your security configuration must be updated before running your application in production.

2026-02-22T21:50:45.210+07:00  INFO 31125 --- [main] o.s.s.web.DefaultSecurityFilterChain     : Will secure any request with [org.springframework.security.web.session.DisableEncodeUrlFilter@51424203, org.springframework.security.web.context.request.async.WebAsyncManagerIntegrationFilter@7336fd8f, org.springframework.security.web.context.SecurityContextHolderFilter@c472300, org.springframework.security.web.header.HeaderWriterFilter@685d7ba5, org.springframework.web.filter.CorsFilter@701c223a, org.springframework.security.web.authentication.logout.LogoutFilter@221ca495, com.soul.app.soul_app_service.filter.GlobalLoggingFilter@5ae1c281, com.soul.app.soul_app_service.filter.JwtTokenAuthenticationFilter@5b202ff, org.springframework.security.web.savedrequest.RequestCacheAwareFilter@6826b70f, org.springframework.security.web.servletapi.SecurityContextHolderAwareRequestFilter@5e67a490, org.springframework.security.web.authentication.AnonymousAuthenticationFilter@550c973e, org.springframework.security.web.session.SessionManagementFilter@56c0a61e, org.springframework.security.web.access.ExceptionTranslationFilter@48ccbb32, org.springframework.security.web.access.intercept.AuthorizationFilter@448cdb47]
2026-02-22T21:50:45.291+07:00  INFO 31125 --- [main] com.zaxxer.hikari.HikariDataSource       : HikariPool-1 - Starting...
2026-02-22T21:50:46.879+07:00  INFO 31125 --- [main] com.zaxxer.hikari.pool.HikariPool        : HikariPool-1 - Added connection org.postgresql.jdbc.PgConnection@6efd0a6e
2026-02-22T21:50:46.880+07:00  INFO 31125 --- [main] com.zaxxer.hikari.HikariDataSource       : HikariPool-1 - Start completed.
2026-02-22T21:50:46.943+07:00  INFO 31125 --- [main] o.s.b.w.embedded.tomcat.TomcatWebServer  : Tomcat started on port(s): 11001 (http) with context path '/api'
2026-02-22T21:50:46.948+07:00  INFO 31125 --- [main] c.s.a.s.SoulAppServiceApplicationKt      : Started SoulAppServiceApplicationKt in 2.655 seconds (process running for 2.861)
